[  211487ms] [ERROR] %c%s%c Error fetching dashboard stats: background: #e6e6e6;background: light-dark(rgba(0,0,0,0.1), rgba(255,255,255,0.25));color: #000000;color: light-dark(#000000, #ffffff);border-radius: 2px  Server   DriverAdapterError: Max client connections reached
    at Function.all (<anonymous>:1:21)
    at DashboardPage (about://React/Server/C:%5CUsers%5Ctomas%5CDocuments%5Cc14%5Crepos%5Caladil%5C.next%5Cdev%5Cserver%5Cchunks%5Cssr%5C%5Broot-of-the-server%5D__79aa1faf._.js?26:181:65)
    at resolveErrorDev (http://localhost:3000/_next/static/chunks/4f80d_next_dist_compiled_react-server-dom-turbopack_b600185c._.js:1881:106)
    at getOutlinedModel (http://localhost:3000/_next/static/chunks/4f80d_next_dist_compiled_react-server-dom-turbopack_b600185c._.js:1434:28)
    at parseModelString (http://localhost:3000/_next/static/chunks/4f80d_next_dist_compiled_react-server-dom-turbopack_b600185c._.js:1548:50)
    at Object.<anonymous> (http://localhost:3000/_next/static/chunks/4f80d_next_dist_compiled_react-server-dom-turbopack_b600185c._.js:2472:51)
    at JSON.parse (<anonymous>)
    at initializeModelChunk (http://localhost:3000/_next/static/chunks/4f80d_next_dist_compiled_react-server-dom-turbopack_b600185c._.js:1053:30)
    at getOutlinedModel (http://localhost:3000/_next/static/chunks/4f80d_next_dist_compiled_react-server-dom-turbopack_b600185c._.js:1372:17)
    at parseModelString (http://localhost:3000/_next/static/chunks/4f80d_next_dist_compiled_react-server-dom-turbopack_b600185c._.js:1602:50)
    at Array.<anonymous> (http://localhost:3000/_next/static/chunks/4f80d_next_dist_compiled_react-server-dom-turbopack_b600185c._.js:2472:51)
    at JSON.parse (<anonymous>)
    at initializeModelChunk (http://localhost:3000/_next/static/chunks/4f80d_next_dist_compiled_react-server-dom-turbopack_b600185c._.js:1053:30)
    at resolveConsoleEntry (http://localhost:3000/_next/static/chunks/4f80d_next_dist_compiled_react-server-dom-turbopack_b600185c._.js:2007:96)
    at processFullStringRow (http://localhost:3000/_next/static/chunks/4f80d_next_dist_compiled_react-server-dom-turbopack_b600185c._.js:2408:17)
    at processFullBinaryRow (http://localhost:3000/_next/static/chunks/4f80d_next_dist_compiled_react-server-dom-turbopack_b600185c._.js:2348:9)
    at processBinaryChunk (http://localhost:3000/_next/static/chunks/4f80d_next_dist_compiled_react-server-dom-turbopack_b600185c._.js:2457:221)
    at progress (http://localhost:3000/_next/static/chunks/4f80d_next_dist_compiled_react-server-dom-turbopack_b600185c._.js:2625:13) @ http://localhost:3000/_next/static/chunks/4f80d_next_dist_524a9d85._.js:3127
[  211839ms] [WARNING] Image with src "/logo.png" has either width or height modified, but not the other. If you use CSS to change the size of your image, also include the styles 'width: "auto"' or 'height: "auto"' to maintain the aspect ratio. @ http://localhost:3000/_next/static/chunks/4f80d_next_dist_524a9d85._.js:2297
